<?xml version="1.0" encoding="utf-8"?>
<CatapultTargetOutput
  GeneratedTarget="/Output/groowsky/PDF/PDF.pdf"
  BuildVersion="16.2.7685.28170">
  <Files>
    <Url
      Source="Output/groowsky/Temporary/PDF/PDF_565D6D2/_Obrazki/przechowywanie2.jpg" />
    <Url
      Source="Output/groowsky/Temporary/PDF/PDF_565D6D2/_Obrazki/przechowywanie.jpg" />
    <Url
      Source="Output/groowsky/Temporary/PDF/PDF_565D6D2/_Obrazki/drozdze.jpg" />
    <Url
      Source="Output/groowsky/Temporary/PDF/PDF_565D6D2/_Obrazki/domowe_wino.jpg" />
    <Url
      Source="Output/groowsky/PDF/PDF.pdf" />
    <Url
      Source="Output/groowsky/Temporary/PDF/PDF_565D6D2/_Obrazki/fermentacja.jpg" />
    <Url
      Source="Output/groowsky/Temporary/PDF/PDF_565D6D2/_Obrazki/sztuka.jpg" />
    <Url
      Source="Output/groowsky/Temporary/PDF/PDF_565D6D2/_Obrazki/styl.jpg" />
    <Url
      Source="Output/groowsky/Temporary/PDF/PDF_565D6D2/_Obrazki/wino.jpg" />
    <Url
      Source="Output/groowsky/Temporary/PDF/PDF_565D6D2/_Obrazki/rozlew.jpg" />
    <Url
      Source="Output/groowsky/Temporary/PDF/PDF_565D6D2/_Obrazki/historia-wina.jpg" />
    <Url
      Source="Output/groowsky/Temporary/PDF/PDF_565D6D2/_Obrazki/wine.jpg" />
    <Url
      Source="Output/groowsky/Temporary/PDF/PDF_565D6D2/_Obrazki/winogrono.jpg" />
    <Url
      Source="Output/groowsky/Temporary/PDF/PDF_565D6D2/ZZ_Zasoby/WinoStylesheet.css" />
    <Url
      Source="Output/groowsky/Temporary/PDF/PDF_565D6D2/_Obrazki/relifia.jpg" />
  </Files>
  <Skins />
</CatapultTargetOutput>